<?xml version="1.0" encoding="UTF-8"?>
<!-- Generated by org.testng.reporters.JUnitReportReporter -->
<testsuite hostname="DESKTOP-RDQ2EEM" failures="0" tests="1" name="Product.Program003_CreateProductUsingBaseClass" time="18.186" errors="0" timestamp="2024-10-21T08:59:09 IST" skipped="0">
  <testcase classname="Product.Program003_CreateProductUsingBaseClass" name="createProductTest" time="18.186"/>
  <system-out/>
</testsuite> <!-- Product.Program003_CreateProductUsingBaseClass -->
