<?xml version="1.0" encoding="UTF-8"?>
<!-- Generated by org.testng.reporters.JUnitReportReporter -->
<testsuite hostname="DESKTOP-RDQ2EEM" failures="0" tests="3" name="TestNG.Program001_Priority" time="0.015" errors="0" timestamp="2024-10-15T07:21:56 IST" skipped="0">
  <testcase classname="TestNG.Program001_Priority" name="modifyContact" time="0.012"/>
  <system-out/>
  <testcase classname="TestNG.Program001_Priority" name="createContact" time="0.002"/>
  <system-out/>
  <testcase classname="TestNG.Program001_Priority" name="deleteContact" time="0.001"/>
  <system-out/>
</testsuite> <!-- TestNG.Program001_Priority -->
