<?xml version="1.0" encoding="UTF-8"?>
<!-- Generated by org.testng.reporters.JUnitReportReporter -->
<testsuite hostname="DESKTOP-RDQ2EEM" failures="0" tests="6" name="TestNG.Program002_DependsOnMethodTest" time="0.017" errors="0" timestamp="2024-10-15T07:29:01 IST" skipped="1">
  <testcase classname="TestNG.Program002_DependsOnMethodTest" name="modifyProduct" time="0.000"/>
  <system-out/>
  <testcase classname="TestNG.Program002_DependsOnMethodTest" name="invocationTestMethod" time="0.002"/>
  <system-out/>
  <testcase classname="TestNG.Program002_DependsOnMethodTest" name="deleteProduct" time="0.002"/>
  <system-out/>
  <testcase classname="TestNG.Program002_DependsOnMethodTest" name="invocationTestMethod" time="0.002"/>
  <system-out/>
  <testcase classname="TestNG.Program002_DependsOnMethodTest" name="createProduct" time="0.011"/>
  <system-out/>
  <testcase classname="TestNG.Program002_DependsOnMethodTest" name="enableTestMethod">
    <skipped/>
  </testcase> <!-- enableTestMethod -->
  <system-out/>
</testsuite> <!-- TestNG.Program002_DependsOnMethodTest -->
