<?xml version="1.0" encoding="UTF-8"?>
<!-- Generated by org.testng.reporters.JUnitReportReporter -->
<testsuite hostname="DESKTOP-RDQ2EEM" failures="0" tests="1" name="Product.Program003_CreateProductUsingBaseClassTest" time="21.746" errors="0" timestamp="2024-11-26T21:28:40 IST" skipped="0">
  <testcase classname="Product.Program003_CreateProductUsingBaseClassTest" name="createProductTest" time="21.746"/>
  <system-out/>
</testsuite> <!-- Product.Program003_CreateProductUsingBaseClassTest -->
