<?xml version="1.0" encoding="UTF-8"?>
<!-- Generated by org.testng.reporters.JUnitReportReporter -->
<testsuite hostname="DESKTOP-RDQ2EEM" failures="0" tests="1" name="Organization.Program002_CreateOrganizationUsingBaseClass" time="45.458" errors="0" timestamp="2024-10-21T21:10:00 IST" skipped="0">
  <testcase classname="Organization.Program002_CreateOrganizationUsingBaseClass" name="createOrganizationTest" time="45.458"/>
  <system-out/>
</testsuite> <!-- Organization.Program002_CreateOrganizationUsingBaseClass -->
