<?xml version="1.0" encoding="UTF-8"?>
<!-- Generated by org.testng.reporters.JUnitReportReporter -->
<testsuite hostname="DESKTOP-RDQ2EEM" failures="0" tests="1" name="Organization.Program002_CreateOrganizationUsingBaseClass" time="15.852" errors="0" timestamp="2024-11-26T21:28:40 IST" skipped="0">
  <testcase classname="Organization.Program002_CreateOrganizationUsingBaseClass" name="createOrganizationTest" time="15.852"/>
  <system-out/>
</testsuite> <!-- Organization.Program002_CreateOrganizationUsingBaseClass -->
