<?xml version="1.0" encoding="UTF-8"?>
<!-- Generated by org.testng.reporters.JUnitReportReporter -->
<testsuite hostname="DESKTOP-RDQ2EEM" failures="0" tests="4" name="TestNG.Program003_DataProvider" time="0.011" errors="0" timestamp="2024-10-15T08:03:32 IST" skipped="0">
  <testcase classname="TestNG.Program003_DataProvider" name="bookingTickets" time="0.007"/>
  <system-out/>
  <testcase classname="TestNG.Program003_DataProvider" name="bookingTickets" time="0.001"/>
  <system-out/>
  <testcase classname="TestNG.Program003_DataProvider" name="bookingTickets" time="0.002"/>
  <system-out/>
  <testcase classname="TestNG.Program003_DataProvider" name="bookingTickets" time="0.001"/>
  <system-out/>
</testsuite> <!-- TestNG.Program003_DataProvider -->
