<?xml version="1.0" encoding="UTF-8"?>
<!-- Generated by org.testng.reporters.JUnitReportReporter -->
<testsuite hostname="DESKTOP-RDQ2EEM" failures="0" tests="2" name="Campaigns.Program003_CreateCampaignUsingBaseClass" time="18.207" errors="0" timestamp="2024-10-21T09:01:30 IST" skipped="0">
  <testcase classname="Campaigns.Program003_CreateCampaignUsingBaseClass" name="m1" time="3.752"/>
  <system-out/>
  <testcase classname="Campaigns.Program003_CreateCampaignUsingBaseClass" name="createCampaignsTest" time="14.455"/>
  <system-out/>
</testsuite> <!-- Campaigns.Program003_CreateCampaignUsingBaseClass -->
