<?xml version="1.0" encoding="UTF-8"?>
<!-- Generated by org.testng.reporters.JUnitReportReporter -->
<testsuite hostname="DESKTOP-RDQ2EEM" failures="0" tests="1" name="Product.Program003_CreateProductUsingBaseClassTest" time="17.548" errors="0" timestamp="2024-11-18T16:38:18 IST" skipped="0">
  <testcase classname="Product.Program003_CreateProductUsingBaseClassTest" name="createProductTest" time="17.548"/>
  <system-out/>
</testsuite> <!-- Product.Program003_CreateProductUsingBaseClassTest -->
