<?xml version="1.0" encoding="UTF-8"?>
<!-- Generated by org.testng.reporters.JUnitReportReporter -->
<testsuite hostname="DESKTOP-RDQ2EEM" failures="0" tests="2" name="Campaigns.Program003_CreateCampaignUsingBaseClassTest" time="18.652" errors="0" timestamp="2024-11-12T23:06:06 IST" skipped="0">
  <testcase classname="Campaigns.Program003_CreateCampaignUsingBaseClassTest" name="m1" time="6.184"/>
  <system-out/>
  <testcase classname="Campaigns.Program003_CreateCampaignUsingBaseClassTest" name="createCampaignsTest" time="12.468"/>
  <system-out/>
</testsuite> <!-- Campaigns.Program003_CreateCampaignUsingBaseClassTest -->
