<?xml version="1.0" encoding="UTF-8"?>
<!-- Generated by org.testng.reporters.JUnitReportReporter -->
<testsuite hostname="DESKTOP-RDQ2EEM" failures="0" tests="1" name="Organization.Program002_CreateOrganizationUsingBaseClass" time="14.289" errors="0" timestamp="2024-11-12T23:06:06 IST" skipped="0">
  <testcase classname="Organization.Program002_CreateOrganizationUsingBaseClass" name="createOrganizationTest" time="14.289"/>
  <system-out/>
</testsuite> <!-- Organization.Program002_CreateOrganizationUsingBaseClass -->
